2017 Mar 16 23:46:42|41403|96.6 MB/s|0|336
2017 Mar 18 15:39:08|45547|87.8 MB/s|0|189
2017 Mar 21 03:31:26|56127|71.3 MB/s|0|0
2017 Mar 22 22:56:39|1379|Unavailable|-4|0
2017 Apr  1 14:09:13|47352|84.5 MB/s|0|0
2017 Apr 18 12:02:39|89031|44.9 MB/s|0|0
2017 Apr 27 06:47:21|31637|Unavailable|-4|0
2017 May  2 05:50:31|103830|38.5 MB/s|0|0
2017 May 22 04:50:03|75066|53.3 MB/s|0|0
2017 May 26 16:52:58|15|Unavailable|-4|0
2017 Jun  2 04:42:53|99772|40.1 MB/s|0|0
2017 Jul  2 00:45:33|85532|46.8 MB/s|0|0
2017 Aug  2 02:39:16|92355|43.3 MB/s|0|0
2017 Sep  1 13:02:56|43375|92.2 MB/s|0|0
2017 Sep 23 08:19:40|52402|76.3 MB/s|0|0
2017 Sep 26 16:00:06|71536|55.9 MB/s|0|1245
2017 Oct  1 19:21:58|66117|60.5 MB/s|0|0
2017 Oct  6 01:47:38|28090|142.4 MB/s|0|0
2017 Oct 13 00:38:15|58681|68.2 MB/s|0|0
2017 Nov  1 15:52:57|53576|74.7 MB/s|0|0
2017 Nov 21 07:20:06|49782|80.4 MB/s|0|9
2017 Dec  1 18:58:50|64729|61.8 MB/s|0|0
2018 Jan  1 14:28:48|48527|82.4 MB/s|0|0
2018 Feb  1 18:27:31|62850|63.7 MB/s|0|0
2018 Mar  1 18:45:54|63953|62.6 MB/s|0|0
2018 Apr  1 16:19:32|55171|72.5 MB/s|0|0
2018 May  1 18:54:15|64454|62.1 MB/s|0|0
2018 Jun  1 14:52:38|49957|80.1 MB/s|0|0
2018 Jul  1 14:50:08|49807|80.3 MB/s|0|0
2018 Jul 14 10:40:39|39872|100.3 MB/s|0|0
2018 Jul 28 06:21:47|48689|82.2 MB/s|0|1
2018 Aug  1 17:52:15|60734|65.9 MB/s|0|166
2018 Sep  1 16:30:26|55825|71.7 MB/s|0|166
2018 Oct  1 16:37:25|56244|71.1 MB/s|0|0
2018 Nov  1 16:30:41|55840|71.6 MB/s|0|0
2018 Dec  1 15:02:48|50567|79.1 MB/s|0|0
2019 Jan  1 12:49:42|42581|94.0 MB/s|0|0
2019 Jan 15 07:00:44|50458|79.3 MB/s|0|0
2019 Feb  1 21:12:38|72757|55.0 MB/s|0|0
2019 Feb 19 23:03:52|45200|88.5 MB/s|0|0
2019 Mar  1 08:35:17|56337|71.0 MB/s|0|0
2019 Mar 20 10:39:47|83570|95.7 MB/s|0|0
2019 Mar 28 22:52:33|44069|181.6 MB/s|0|168
2019 Apr  2 07:22:38|109357|73.2 MB/s|0|168
2019 Apr 17 13:34:01|90685|88.2 MB/s|0|0
